{"level":"info","message":"hello"}
{"level":"error","message":"GET /abcd 라우터가 없습니다."}
{"level":"info","message":"hello"}
{"level":"error","message":"GET /img/red-velvet-power-up-summer-magic-group-members-s2211649510555141.jpg 라우터가 없습니다."}
{"level":"info","message":"hello"}
{"level":"error","message":"GET /img/EMR0RuBU0AEH8kA1649510445850.jpeg 라우터가 없습니다."}
{"level":"info","message":"hello"}
{"level":"error","message":"GET /img/EKJD7OsUcAEKAbQ1649510237562.jpeg 라우터가 없습니다."}
{"level":"info","message":"hello"}
{"level":"error","message":"GET /img/EKDyvm6VUAEmQ8Z1649509738424.jpeg 라우터가 없습니다."}
{"level":"info","message":"hello"}
{"level":"error","message":"GET /img/red-velvet-power-up-summer-magic-group-members-s2211649510555141.jpg 라우터가 없습니다."}
{"level":"info","message":"hello"}
{"level":"error","message":"GET /img/EMR0RuBU0AEH8kA1649510445850.jpeg 라우터가 없습니다."}
{"level":"info","message":"hello"}
{"level":"error","message":"GET /img/EKJD7OsUcAEKAbQ1649510237562.jpeg 라우터가 없습니다."}
{"level":"info","message":"hello"}
{"level":"error","message":"GET /img/EKDyvm6VUAEmQ8Z1649509738424.jpeg 라우터가 없습니다."}
{"level":"info","message":"hello"}
{"level":"error","message":"GET /img/red-velvet-power-up-summer-magic-group-members-s2211649510555141.jpg 라우터가 없습니다."}
{"level":"info","message":"hello"}
{"level":"error","message":"GET /img/EMR0RuBU0AEH8kA1649510445850.jpeg 라우터가 없습니다."}
{"level":"info","message":"hello"}
{"level":"error","message":"GET /img/EKJD7OsUcAEKAbQ1649510237562.jpeg 라우터가 없습니다."}
{"level":"info","message":"hello"}
{"level":"error","message":"GET /img/EKDyvm6VUAEmQ8Z1649509738424.jpeg 라우터가 없습니다."}
{"level":"info","message":"hello"}
{"level":"error","message":"GET /img/red-velvet-power-up-summer-magic-group-members-s2211649510555141.jpg 라우터가 없습니다."}
{"level":"info","message":"hello"}
{"level":"error","message":"GET /img/EMR0RuBU0AEH8kA1649510445850.jpeg 라우터가 없습니다."}
{"level":"info","message":"hello"}
{"level":"error","message":"GET /img/EKJD7OsUcAEKAbQ1649510237562.jpeg 라우터가 없습니다."}
{"level":"info","message":"hello"}
{"level":"error","message":"GET /img/EKDyvm6VUAEmQ8Z1649509738424.jpeg 라우터가 없습니다."}
{"level":"info","message":"hello"}
{"level":"error","message":"GET /img/red-velvet-power-up-summer-magic-group-members-s2211649510555141.jpg 라우터가 없습니다."}
{"level":"info","message":"hello"}
{"level":"error","message":"GET /img/EMR0RuBU0AEH8kA1649510445850.jpeg 라우터가 없습니다."}
{"level":"info","message":"hello"}
{"level":"error","message":"GET /img/EKJD7OsUcAEKAbQ1649510237562.jpeg 라우터가 없습니다."}
{"level":"info","message":"hello"}
{"level":"error","message":"GET /img/EKDyvm6VUAEmQ8Z1649509738424.jpeg 라우터가 없습니다."}
{"level":"info","message":"hello"}
{"level":"error","message":"GET /img/red-velvet-power-up-summer-magic-group-members-s2211649510555141.jpg 라우터가 없습니다."}
{"level":"info","message":"hello"}
{"level":"error","message":"GET /img/EMR0RuBU0AEH8kA1649510445850.jpeg 라우터가 없습니다."}
{"level":"info","message":"hello"}
{"level":"error","message":"GET /img/EKJD7OsUcAEKAbQ1649510237562.jpeg 라우터가 없습니다."}
{"level":"info","message":"hello"}
{"level":"error","message":"GET /img/EKDyvm6VUAEmQ8Z1649509738424.jpeg 라우터가 없습니다."}
{"level":"info","message":"hello"}
{"level":"error","message":"GET /img/red-velvet-power-up-summer-magic-group-members-s2211649510555141.jpg 라우터가 없습니다."}
{"level":"info","message":"hello"}
{"level":"error","message":"GET /img/EKJD7OsUcAEKAbQ1649510237562.jpeg 라우터가 없습니다."}
{"level":"info","message":"hello"}
{"level":"error","message":"GET /img/EMR0RuBU0AEH8kA1649510445850.jpeg 라우터가 없습니다."}
{"level":"info","message":"hello"}
{"level":"error","message":"GET /img/EKDyvm6VUAEmQ8Z1649509738424.jpeg 라우터가 없습니다."}
{"level":"info","message":"hello"}
{"level":"error","message":"GET /img/red-velvet-power-up-summer-magic-group-members-s2211649510555141.jpg 라우터가 없습니다."}
{"level":"info","message":"hello"}
{"level":"error","message":"GET /img/EMR0RuBU0AEH8kA1649510445850.jpeg 라우터가 없습니다."}
{"level":"info","message":"hello"}
{"level":"error","message":"GET /img/EKJD7OsUcAEKAbQ1649510237562.jpeg 라우터가 없습니다."}
{"level":"info","message":"hello"}
{"level":"error","message":"GET /img/EKDyvm6VUAEmQ8Z1649509738424.jpeg 라우터가 없습니다."}
{"level":"info","message":"hello"}
{"level":"error","message":"GET /img/red-velvet-power-up-summer-magic-group-members-s2211649510555141.jpg 라우터가 없습니다."}
{"level":"info","message":"hello"}
{"level":"error","message":"GET /img/EMR0RuBU0AEH8kA1649510445850.jpeg 라우터가 없습니다."}
{"level":"info","message":"hello"}
{"level":"error","message":"GET /img/EKJD7OsUcAEKAbQ1649510237562.jpeg 라우터가 없습니다."}
{"level":"info","message":"hello"}
{"level":"error","message":"GET /img/EKDyvm6VUAEmQ8Z1649509738424.jpeg 라우터가 없습니다."}
{"level":"info","message":"hello"}
{"level":"error","message":"GET /favicon.ico 라우터가 없습니다."}
{"level":"info","message":"hello"}
{"level":"error","message":"GET /img/red-velvet-power-up-summer-magic-group-members-s2211649510555141.jpg 라우터가 없습니다."}
{"level":"info","message":"hello"}
{"level":"error","message":"GET /img/EKJD7OsUcAEKAbQ1649510237562.jpeg 라우터가 없습니다."}
{"level":"info","message":"hello"}
{"level":"error","message":"GET /img/EMR0RuBU0AEH8kA1649510445850.jpeg 라우터가 없습니다."}
{"level":"info","message":"hello"}
{"level":"error","message":"GET /img/EKDyvm6VUAEmQ8Z1649509738424.jpeg 라우터가 없습니다."}
{"level":"info","message":"hello"}
{"level":"error","message":"GET /img/red-velvet-power-up-summer-magic-group-members-s2211649510555141.jpg 라우터가 없습니다."}
{"level":"info","message":"hello"}
{"level":"error","message":"GET /img/EMR0RuBU0AEH8kA1649510445850.jpeg 라우터가 없습니다."}
{"level":"info","message":"hello"}
{"level":"error","message":"GET /img/EKJD7OsUcAEKAbQ1649510237562.jpeg 라우터가 없습니다."}
{"level":"info","message":"hello"}
{"level":"error","message":"GET /img/EKDyvm6VUAEmQ8Z1649509738424.jpeg 라우터가 없습니다."}
{"level":"info","message":"hello"}
{"level":"error","message":"GET /img/red-velvet-power-up-summer-magic-group-members-s2211649510555141.jpg 라우터가 없습니다."}
{"level":"info","message":"hello"}
{"level":"error","message":"GET /img/EMR0RuBU0AEH8kA1649510445850.jpeg 라우터가 없습니다."}
{"level":"info","message":"hello"}
{"level":"error","message":"GET /img/EKJD7OsUcAEKAbQ1649510237562.jpeg 라우터가 없습니다."}
{"level":"info","message":"hello"}
{"level":"error","message":"GET /img/EKDyvm6VUAEmQ8Z1649509738424.jpeg 라우터가 없습니다."}
